!SESSION 2019-01-06 23:31:58.001 -----------------------------------------------
eclipse.buildId=unknown
java.version=1.8.0_181
java.vendor=Oracle Corporation
BootLoader constants: OS=linux, ARCH=x86_64, WS=gtk, NL=en_IN
Command-line arguments:  -dev file:/home/vijay/VegaDevelopment/.metadata/.plugins/org.eclipse.pde.core/OSGi Framework/dev.properties -os linux -ws gtk -arch x86_64 -consoleLog -console

!ENTRY org.eclipse.ui 4 4 2019-01-06 23:31:59.632
!MESSAGE Unable to load UI activator

!ENTRY org.eclipse.ui 4 4 2019-01-06 23:31:59.633
!MESSAGE Unable to load UI activator
!STACK 0
org.eclipse.osgi.framework.internal.core.AbstractBundle$BundleStatusException
	at org.eclipse.osgi.framework.internal.core.AbstractBundle.beginStateChange(AbstractBundle.java:1088)
	at org.eclipse.osgi.framework.internal.core.AbstractBundle.start(AbstractBundle.java:298)
	at org.eclipse.ui.internal.WorkbenchPlugin.start(WorkbenchPlugin.java:900)
	at org.eclipse.osgi.framework.internal.core.BundleContextImpl$1.run(BundleContextImpl.java:711)
	at java.security.AccessController.doPrivileged(Native Method)
	at org.eclipse.osgi.framework.internal.core.BundleContextImpl.startActivator(BundleContextImpl.java:702)
	at org.eclipse.osgi.framework.internal.core.BundleContextImpl.start(BundleContextImpl.java:683)
	at org.eclipse.osgi.framework.internal.core.BundleHost.startWorker(BundleHost.java:381)
	at org.eclipse.osgi.framework.internal.core.AbstractBundle.start(AbstractBundle.java:300)
	at org.eclipse.osgi.framework.util.SecureAction.start(SecureAction.java:440)
	at org.eclipse.osgi.internal.loader.BundleLoader.setLazyTrigger(BundleLoader.java:263)
	at org.eclipse.core.runtime.internal.adaptor.EclipseLazyStarter.postFindLocalClass(EclipseLazyStarter.java:107)
	at org.eclipse.osgi.baseadaptor.loader.ClasspathManager.findLocalClass(ClasspathManager.java:469)
	at org.eclipse.osgi.internal.baseadaptor.DefaultClassLoader.findLocalClass(DefaultClassLoader.java:216)
	at org.eclipse.osgi.internal.loader.BundleLoader.findLocalClass(BundleLoader.java:395)
	at org.eclipse.osgi.internal.loader.SingleSourcePackage.loadClass(SingleSourcePackage.java:35)
	at org.eclipse.osgi.internal.loader.BundleLoader.findClassInternal(BundleLoader.java:461)
	at org.eclipse.osgi.internal.loader.BundleLoader.findClass(BundleLoader.java:421)
	at org.eclipse.osgi.internal.loader.BundleLoader.findClass(BundleLoader.java:412)
	at org.eclipse.osgi.internal.baseadaptor.DefaultClassLoader.loadClass(DefaultClassLoader.java:107)
	at java.lang.ClassLoader.loadClass(ClassLoader.java:357)
	at java.lang.ClassLoader.defineClass1(Native Method)
	at java.lang.ClassLoader.defineClass(ClassLoader.java:763)
	at org.eclipse.osgi.internal.baseadaptor.DefaultClassLoader.defineClass(DefaultClassLoader.java:188)
	at org.eclipse.osgi.baseadaptor.loader.ClasspathManager.defineClassHoldingLock(ClasspathManager.java:632)
	at org.eclipse.osgi.baseadaptor.loader.ClasspathManager.defineClass(ClasspathManager.java:607)
	at org.eclipse.osgi.baseadaptor.loader.ClasspathManager.findClassImpl(ClasspathManager.java:568)
	at org.eclipse.osgi.baseadaptor.loader.ClasspathManager.findLocalClassImpl(ClasspathManager.java:492)
	at org.eclipse.osgi.baseadaptor.loader.ClasspathManager.findLocalClass(ClasspathManager.java:465)
	at org.eclipse.osgi.internal.baseadaptor.DefaultClassLoader.findLocalClass(DefaultClassLoader.java:216)
	at org.eclipse.osgi.internal.loader.BundleLoader.findLocalClass(BundleLoader.java:395)
	at org.eclipse.osgi.internal.loader.BundleLoader.findClassInternal(BundleLoader.java:464)
	at org.eclipse.osgi.internal.loader.BundleLoader.findClass(BundleLoader.java:421)
	at org.eclipse.osgi.internal.loader.BundleLoader.findClass(BundleLoader.java:412)
	at org.eclipse.osgi.internal.baseadaptor.DefaultClassLoader.loadClass(DefaultClassLoader.java:107)
	at java.lang.ClassLoader.loadClass(ClassLoader.java:357)
	at org.eclipse.osgi.internal.loader.BundleLoader.loadClass(BundleLoader.java:340)
	at org.eclipse.osgi.framework.internal.core.BundleHost.loadClass(BundleHost.java:229)
	at org.eclipse.osgi.framework.internal.core.AbstractBundle.loadBundleActivator(AbstractBundle.java:165)
	at org.eclipse.osgi.framework.internal.core.BundleContextImpl.start(BundleContextImpl.java:679)
	at org.eclipse.osgi.framework.internal.core.BundleHost.startWorker(BundleHost.java:381)
	at org.eclipse.osgi.framework.internal.core.AbstractBundle.resume(AbstractBundle.java:390)
	at org.eclipse.osgi.framework.internal.core.Framework.resumeBundle(Framework.java:1176)
	at org.eclipse.osgi.framework.internal.core.StartLevelManager.resumeBundles(StartLevelManager.java:559)
	at org.eclipse.osgi.framework.internal.core.StartLevelManager.resumeBundles(StartLevelManager.java:544)
	at org.eclipse.osgi.framework.internal.core.StartLevelManager.incFWSL(StartLevelManager.java:457)
	at org.eclipse.osgi.framework.internal.core.StartLevelManager.doSetStartLevel(StartLevelManager.java:243)
	at org.eclipse.osgi.framework.internal.core.StartLevelManager.dispatchEvent(StartLevelManager.java:438)
	at org.eclipse.osgi.framework.internal.core.StartLevelManager.dispatchEvent(StartLevelManager.java:1)
	at org.eclipse.osgi.framework.eventmgr.EventManager.dispatchEvent(EventManager.java:230)
	at org.eclipse.osgi.framework.eventmgr.EventManager$EventThread.run(EventManager.java:340)

!ENTRY org.eclipse.ui.workbench.texteditor 4 0 2019-01-06 23:31:59.693
!MESSAGE FrameworkEvent ERROR
!STACK 0
org.osgi.framework.BundleException: The bundle "org.eclipse.ui.workbench.texteditor_3.8.0.v20120523-1310 [64]" could not be resolved. Reason: Missing Constraint: Require-Bundle: org.eclipse.compare.core; bundle-version="[3.5.0,4.0.0)"
	at org.eclipse.osgi.framework.internal.core.AbstractBundle.getResolverError(AbstractBundle.java:1332)
	at org.eclipse.osgi.framework.internal.core.AbstractBundle.getResolutionFailureException(AbstractBundle.java:1316)
	at org.eclipse.osgi.framework.internal.core.BundleHost.startWorker(BundleHost.java:323)
	at org.eclipse.osgi.framework.internal.core.AbstractBundle.resume(AbstractBundle.java:390)
	at org.eclipse.osgi.framework.internal.core.Framework.resumeBundle(Framework.java:1176)
	at org.eclipse.osgi.framework.internal.core.StartLevelManager.resumeBundles(StartLevelManager.java:559)
	at org.eclipse.osgi.framework.internal.core.StartLevelManager.resumeBundles(StartLevelManager.java:544)
	at org.eclipse.osgi.framework.internal.core.StartLevelManager.incFWSL(StartLevelManager.java:457)
	at org.eclipse.osgi.framework.internal.core.StartLevelManager.doSetStartLevel(StartLevelManager.java:243)
	at org.eclipse.osgi.framework.internal.core.StartLevelManager.dispatchEvent(StartLevelManager.java:438)
	at org.eclipse.osgi.framework.internal.core.StartLevelManager.dispatchEvent(StartLevelManager.java:1)
	at org.eclipse.osgi.framework.eventmgr.EventManager.dispatchEvent(EventManager.java:230)
	at org.eclipse.osgi.framework.eventmgr.EventManager$EventThread.run(EventManager.java:340)

!ENTRY osgi1 4 0 2019-01-06 23:31:59.839
!MESSAGE FrameworkEvent ERROR
!STACK 0
org.osgi.framework.BundleException: The bundle "osgi1_1.0.0.qualifier [66]" could not be resolved. Reason: Missing Constraint: Bundle-RequiredExecutionEnvironment: JavaSE-1.8
	at org.eclipse.osgi.framework.internal.core.AbstractBundle.getResolverError(AbstractBundle.java:1332)
	at org.eclipse.osgi.framework.internal.core.AbstractBundle.getResolutionFailureException(AbstractBundle.java:1316)
	at org.eclipse.osgi.framework.internal.core.BundleHost.startWorker(BundleHost.java:323)
	at org.eclipse.osgi.framework.internal.core.AbstractBundle.resume(AbstractBundle.java:390)
	at org.eclipse.osgi.framework.internal.core.Framework.resumeBundle(Framework.java:1176)
	at org.eclipse.osgi.framework.internal.core.StartLevelManager.resumeBundles(StartLevelManager.java:559)
	at org.eclipse.osgi.framework.internal.core.StartLevelManager.resumeBundles(StartLevelManager.java:544)
	at org.eclipse.osgi.framework.internal.core.StartLevelManager.incFWSL(StartLevelManager.java:457)
	at org.eclipse.osgi.framework.internal.core.StartLevelManager.doSetStartLevel(StartLevelManager.java:243)
	at org.eclipse.osgi.framework.internal.core.StartLevelManager.dispatchEvent(StartLevelManager.java:438)
	at org.eclipse.osgi.framework.internal.core.StartLevelManager.dispatchEvent(StartLevelManager.java:1)
	at org.eclipse.osgi.framework.eventmgr.EventManager.dispatchEvent(EventManager.java:230)
	at org.eclipse.osgi.framework.eventmgr.EventManager$EventThread.run(EventManager.java:340)

!ENTRY org.eclipse.ui.workbench.texteditor 4 0 2019-01-06 23:31:59.844
!MESSAGE FrameworkEvent ERROR
!STACK 0
org.osgi.framework.BundleException: The bundle "org.eclipse.ui.workbench.texteditor_3.8.0.v20120523-1310 [64]" could not be resolved. Reason: Missing Constraint: Require-Bundle: org.eclipse.compare.core; bundle-version="[3.5.0,4.0.0)"
	at org.eclipse.osgi.framework.internal.core.AbstractBundle.getResolverError(AbstractBundle.java:1332)
	at org.eclipse.osgi.framework.internal.core.AbstractBundle.getResolutionFailureException(AbstractBundle.java:1316)
	at org.eclipse.osgi.framework.internal.core.BundleHost.startWorker(BundleHost.java:323)
	at org.eclipse.osgi.framework.internal.core.AbstractBundle.resume(AbstractBundle.java:390)
	at org.eclipse.osgi.framework.internal.core.Framework.resumeBundle(Framework.java:1176)
	at org.eclipse.osgi.framework.internal.core.StartLevelManager.setBundleSL(StartLevelManager.java:670)
	at org.eclipse.osgi.framework.internal.core.StartLevelManager.dispatchEvent(StartLevelManager.java:435)
	at org.eclipse.osgi.framework.internal.core.StartLevelManager.dispatchEvent(StartLevelManager.java:1)
	at org.eclipse.osgi.framework.eventmgr.EventManager.dispatchEvent(EventManager.java:230)
	at org.eclipse.osgi.framework.eventmgr.EventManager$EventThread.run(EventManager.java:340)

!ENTRY osgi1 4 0 2019-01-06 23:31:59.847
!MESSAGE FrameworkEvent ERROR
!STACK 0
org.osgi.framework.BundleException: The bundle "osgi1_1.0.0.qualifier [66]" could not be resolved. Reason: Missing Constraint: Bundle-RequiredExecutionEnvironment: JavaSE-1.8
	at org.eclipse.osgi.framework.internal.core.AbstractBundle.getResolverError(AbstractBundle.java:1332)
	at org.eclipse.osgi.framework.internal.core.AbstractBundle.getResolutionFailureException(AbstractBundle.java:1316)
	at org.eclipse.osgi.framework.internal.core.BundleHost.startWorker(BundleHost.java:323)
	at org.eclipse.osgi.framework.internal.core.AbstractBundle.resume(AbstractBundle.java:390)
	at org.eclipse.osgi.framework.internal.core.Framework.resumeBundle(Framework.java:1176)
	at org.eclipse.osgi.framework.internal.core.StartLevelManager.setBundleSL(StartLevelManager.java:670)
	at org.eclipse.osgi.framework.internal.core.StartLevelManager.dispatchEvent(StartLevelManager.java:435)
	at org.eclipse.osgi.framework.internal.core.StartLevelManager.dispatchEvent(StartLevelManager.java:1)
	at org.eclipse.osgi.framework.eventmgr.EventManager.dispatchEvent(EventManager.java:230)
	at org.eclipse.osgi.framework.eventmgr.EventManager$EventThread.run(EventManager.java:340)

!ENTRY org.eclipse.osgi 2 0 2019-01-06 23:31:59.880
!MESSAGE One or more bundles are not resolved because the following root constraints are not resolved:
!SUBENTRY 1 org.eclipse.osgi 2 0 2019-01-06 23:31:59.880
!MESSAGE Bundle reference:file:/home/vijay/VegaDevelopment/.metadata/.plugins/org.eclipse.pde.core/.bundle_pool/plugins/org.eclipse.swt.gtk.aix.ppc_3.8.1.v3836b.jar was not resolved.
!SUBENTRY 2 org.eclipse.swt.gtk.aix.ppc 2 0 2019-01-06 23:31:59.881
!MESSAGE Missing required capability Require-Capability: osgi.ee; filter="(|(&(osgi.ee=CDC/Foundation)(version=1.0))(&(osgi.ee=JavaSE)(version=1.3)))".
!SUBENTRY 1 org.eclipse.osgi 2 0 2019-01-06 23:31:59.886
!MESSAGE Bundle reference:file:/home/vijay/VegaDevelopment/.metadata/.plugins/org.eclipse.pde.core/.bundle_pool/plugins/org.eclipse.swt.win32.win32.x86_64_3.8.1.v3836b.jar was not resolved.
!SUBENTRY 2 org.eclipse.swt.win32.win32.x86_64 2 0 2019-01-06 23:31:59.887
!MESSAGE Missing required capability Require-Capability: osgi.ee; filter="(|(&(osgi.ee=CDC/Foundation)(version=1.0))(&(osgi.ee=JavaSE)(version=1.3)))".
!SUBENTRY 1 org.eclipse.osgi 2 0 2019-01-06 23:31:59.887
!MESSAGE Bundle reference:file:/home/vijay/VegaDevelopment/.metadata/.plugins/org.eclipse.pde.core/.bundle_pool/plugins/org.eclipse.swt.gtk.linux.x86_3.8.1.v3836b.jar was not resolved.
!SUBENTRY 2 org.eclipse.swt.gtk.linux.x86 2 0 2019-01-06 23:31:59.887
!MESSAGE Missing required capability Require-Capability: osgi.ee; filter="(|(&(osgi.ee=CDC/Foundation)(version=1.0))(&(osgi.ee=JavaSE)(version=1.3)))".
!SUBENTRY 1 org.eclipse.osgi 2 0 2019-01-06 23:31:59.888
!MESSAGE Bundle reference:file:/home/vijay/VegaDevelopment/.metadata/.plugins/org.eclipse.pde.core/.bundle_pool/plugins/org.eclipse.swt.gtk.linux.s390_3.8.1.v3836b.jar was not resolved.
!SUBENTRY 2 org.eclipse.swt.gtk.linux.s390 2 0 2019-01-06 23:31:59.888
!MESSAGE Missing required capability Require-Capability: osgi.ee; filter="(|(&(osgi.ee=CDC/Foundation)(version=1.0))(&(osgi.ee=JavaSE)(version=1.3)))".
!SUBENTRY 1 org.eclipse.osgi 2 0 2019-01-06 23:31:59.888
!MESSAGE Bundle reference:file:/home/vijay/VegaDevelopment/.metadata/.plugins/org.eclipse.pde.core/.bundle_pool/plugins/org.eclipse.swt.gtk.aix.ppc64_3.8.1.v3836b.jar was not resolved.
!SUBENTRY 2 org.eclipse.swt.gtk.aix.ppc64 2 0 2019-01-06 23:31:59.889
!MESSAGE Missing required capability Require-Capability: osgi.ee; filter="(|(&(osgi.ee=CDC/Foundation)(version=1.0))(&(osgi.ee=JavaSE)(version=1.3)))".
!SUBENTRY 1 org.eclipse.osgi 2 0 2019-01-06 23:31:59.889
!MESSAGE Bundle reference:file:/home/vijay/VegaDevelopment/.metadata/.plugins/org.eclipse.pde.core/.bundle_pool/plugins/org.eclipse.swt.gtk.solaris.x86_3.8.1.v3836b.jar was not resolved.
!SUBENTRY 2 org.eclipse.swt.gtk.solaris.x86 2 0 2019-01-06 23:31:59.891
!MESSAGE Missing required capability Require-Capability: osgi.ee; filter="(|(&(osgi.ee=CDC/Foundation)(version=1.0))(&(osgi.ee=JavaSE)(version=1.3)))".
!SUBENTRY 1 org.eclipse.osgi 2 0 2019-01-06 23:31:59.891
!MESSAGE Bundle reference:file:/home/vijay/VegaDevelopment/.metadata/.plugins/org.eclipse.pde.core/.bundle_pool/plugins/org.eclipse.swt.win32.win32.x86_3.8.1.v3836b.jar was not resolved.
!SUBENTRY 2 org.eclipse.swt.win32.win32.x86 2 0 2019-01-06 23:31:59.892
!MESSAGE Missing required capability Require-Capability: osgi.ee; filter="(|(&(osgi.ee=CDC/Foundation)(version=1.0))(&(osgi.ee=JavaSE)(version=1.3)))".
!SUBENTRY 1 org.eclipse.osgi 2 0 2019-01-06 23:31:59.892
!MESSAGE Bundle reference:file:/home/vijay/VegaDevelopment/.metadata/.plugins/org.eclipse.pde.core/.bundle_pool/plugins/org.eclipse.swt.cocoa.macosx.x86_64_3.8.1.v3836b.jar was not resolved.
!SUBENTRY 2 org.eclipse.swt.cocoa.macosx.x86_64 2 0 2019-01-06 23:31:59.892
!MESSAGE Missing required capability Require-Capability: osgi.ee; filter="(|(&(osgi.ee=CDC/Foundation)(version=1.0))(&(osgi.ee=JavaSE)(version=1.3)))".
!SUBENTRY 1 org.eclipse.osgi 2 0 2019-01-06 23:31:59.893
!MESSAGE Bundle reference:file:/home/vijay/VegaDevelopment/.metadata/.plugins/org.eclipse.pde.core/.bundle_pool/plugins/org.eclipse.ui.workbench.texteditor_3.8.0.v20120523-1310.jar was not resolved.
!SUBENTRY 2 org.eclipse.ui.workbench.texteditor 2 0 2019-01-06 23:31:59.893
!MESSAGE Missing required bundle org.eclipse.jface.text_[3.8.0,4.0.0).
!SUBENTRY 2 org.eclipse.ui.workbench.texteditor 2 0 2019-01-06 23:31:59.894
!MESSAGE Missing required bundle org.eclipse.compare.core_[3.5.0,4.0.0).
!SUBENTRY 1 org.eclipse.osgi 2 0 2019-01-06 23:31:59.894
!MESSAGE Bundle reference:file:/home/vijay/VegaDevelopment/.metadata/.plugins/org.eclipse.pde.core/.bundle_pool/plugins/org.eclipse.swt.gtk.linux.ppc_3.7.0.v3836b.jar was not resolved.
!SUBENTRY 2 org.eclipse.swt.gtk.linux.ppc 2 0 2019-01-06 23:31:59.894
!MESSAGE Missing required capability Require-Capability: osgi.ee; filter="(|(&(osgi.ee=CDC/Foundation)(version=1.0))(&(osgi.ee=JavaSE)(version=1.3)))".
!SUBENTRY 1 org.eclipse.osgi 2 0 2019-01-06 23:31:59.895
!MESSAGE Bundle reference:file:/home/vijay/VegaDevelopment/osgi1/ was not resolved.
!SUBENTRY 2 osgi1 2 0 2019-01-06 23:31:59.895
!MESSAGE Missing required capability Require-Capability: osgi.ee; filter="(&(osgi.ee=JavaSE)(version=1.8))".
!SUBENTRY 1 org.eclipse.osgi 2 0 2019-01-06 23:31:59.895
!MESSAGE Bundle reference:file:/home/vijay/VegaDevelopment/.metadata/.plugins/org.eclipse.pde.core/.bundle_pool/plugins/org.eclipse.swt.cocoa.macosx_3.8.1.v3836b.jar was not resolved.
!SUBENTRY 2 org.eclipse.swt.cocoa.macosx 2 0 2019-01-06 23:31:59.895
!MESSAGE Missing required capability Require-Capability: osgi.ee; filter="(|(&(osgi.ee=CDC/Foundation)(version=1.0))(&(osgi.ee=JavaSE)(version=1.3)))".
!SUBENTRY 1 org.eclipse.osgi 2 0 2019-01-06 23:31:59.896
!MESSAGE Bundle reference:file:/home/vijay/VegaDevelopment/.metadata/.plugins/org.eclipse.pde.core/.bundle_pool/plugins/org.eclipse.swt.gtk.linux.ppc64_3.8.1.v3836b.jar was not resolved.
!SUBENTRY 2 org.eclipse.swt.gtk.linux.ppc64 2 0 2019-01-06 23:31:59.896
!MESSAGE Missing required capability Require-Capability: osgi.ee; filter="(|(&(osgi.ee=CDC/Foundation)(version=1.0))(&(osgi.ee=JavaSE)(version=1.3)))".
!SUBENTRY 1 org.eclipse.osgi 2 0 2019-01-06 23:31:59.897
!MESSAGE Bundle reference:file:/home/vijay/VegaDevelopment/.metadata/.plugins/org.eclipse.pde.core/.bundle_pool/plugins/org.eclipse.swt.gtk.hpux.ia64_32_3.8.1.v3836b.jar was not resolved.
!SUBENTRY 2 org.eclipse.swt.gtk.hpux.ia64_32 2 0 2019-01-06 23:31:59.897
!MESSAGE Missing required capability Require-Capability: osgi.ee; filter="(|(&(osgi.ee=CDC/Foundation)(version=1.0))(&(osgi.ee=JavaSE)(version=1.3)))".
!SUBENTRY 1 org.eclipse.osgi 2 0 2019-01-06 23:31:59.897
!MESSAGE Bundle reference:file:/home/vijay/VegaDevelopment/.metadata/.plugins/org.eclipse.pde.core/.bundle_pool/plugins/org.eclipse.swt.gtk.linux.s390x_3.8.1.v3836b.jar was not resolved.
!SUBENTRY 2 org.eclipse.swt.gtk.linux.s390x 2 0 2019-01-06 23:31:59.897
!MESSAGE Missing required capability Require-Capability: osgi.ee; filter="(|(&(osgi.ee=CDC/Foundation)(version=1.0))(&(osgi.ee=JavaSE)(version=1.3)))".
!SUBENTRY 1 org.eclipse.osgi 2 0 2019-01-06 23:31:59.898
!MESSAGE Bundle reference:file:/home/vijay/VegaDevelopment/.metadata/.plugins/org.eclipse.pde.core/.bundle_pool/plugins/org.eclipse.swt.gtk.solaris.sparc_3.8.1.v3836b.jar was not resolved.
!SUBENTRY 2 org.eclipse.swt.gtk.solaris.sparc 2 0 2019-01-06 23:31:59.898
!MESSAGE Missing required capability Require-Capability: osgi.ee; filter="(|(&(osgi.ee=CDC/Foundation)(version=1.0))(&(osgi.ee=JavaSE)(version=1.3)))".

!ENTRY org.eclipse.osgi 2 0 2019-01-06 23:31:59.917
!MESSAGE The following is a complete list of bundles which are not resolved, see the prior log entry for the root cause if it exists:
!SUBENTRY 1 org.eclipse.osgi 2 0 2019-01-06 23:31:59.921
!MESSAGE Bundle org.eclipse.equinox.launcher.cocoa.macosx_1.1.200.v20120522-1813 [22] was not resolved.
!SUBENTRY 2 org.eclipse.equinox.launcher.cocoa.macosx 2 0 2019-01-06 23:31:59.921
!MESSAGE Platform filter did not match: (& (osgi.ws=cocoa) (osgi.os=macosx) (|(osgi.arch=x86)(osgi.arch=ppc)) )
!SUBENTRY 1 org.eclipse.osgi 2 0 2019-01-06 23:31:59.921
!MESSAGE Bundle org.eclipse.equinox.launcher.cocoa.macosx.x86_64_1.1.200.v20120913-144807 [23] was not resolved.
!SUBENTRY 2 org.eclipse.equinox.launcher.cocoa.macosx.x86_64 2 0 2019-01-06 23:31:59.922
!MESSAGE Platform filter did not match: (& (osgi.ws=cocoa) (osgi.os=macosx) (osgi.arch=x86_64) )
!SUBENTRY 1 org.eclipse.osgi 2 0 2019-01-06 23:31:59.922
!MESSAGE Bundle org.eclipse.equinox.launcher.gtk.aix.ppc_1.1.100.v20120913-144808 [24] was not resolved.
!SUBENTRY 2 org.eclipse.equinox.launcher.gtk.aix.ppc 2 0 2019-01-06 23:31:59.922
!MESSAGE Platform filter did not match: (& (osgi.ws=gtk) (osgi.os=aix) (osgi.arch=ppc))
!SUBENTRY 1 org.eclipse.osgi 2 0 2019-01-06 23:31:59.922
!MESSAGE Bundle org.eclipse.equinox.launcher.gtk.aix.ppc64_1.1.100.v20120913-144808 [25] was not resolved.
!SUBENTRY 2 org.eclipse.equinox.launcher.gtk.aix.ppc64 2 0 2019-01-06 23:31:59.923
!MESSAGE Platform filter did not match: (& (osgi.ws=gtk) (osgi.os=aix) (osgi.arch=ppc64))
!SUBENTRY 1 org.eclipse.osgi 2 0 2019-01-06 23:31:59.923
!MESSAGE Bundle org.eclipse.equinox.launcher.gtk.hpux.ia64_32_1.0.100.v20120913-144808 [26] was not resolved.
!SUBENTRY 2 org.eclipse.equinox.launcher.gtk.hpux.ia64_32 2 0 2019-01-06 23:31:59.923
!MESSAGE Platform filter did not match: (& (osgi.ws=gtk) (osgi.os=hpux) (osgi.arch=ia64_32))
!SUBENTRY 1 org.eclipse.osgi 2 0 2019-01-06 23:31:59.923
!MESSAGE Bundle org.eclipse.equinox.launcher.gtk.linux.ppc_1.1.200.v20120913-144808 [27] was not resolved.
!SUBENTRY 2 org.eclipse.equinox.launcher.gtk.linux.ppc 2 0 2019-01-06 23:31:59.924
!MESSAGE Platform filter did not match: (& (osgi.ws=gtk) (osgi.os=linux) (osgi.arch=ppc))
!SUBENTRY 1 org.eclipse.osgi 2 0 2019-01-06 23:31:59.924
!MESSAGE Bundle org.eclipse.equinox.launcher.gtk.linux.ppc64_1.0.200.v20120913-144808 [28] was not resolved.
!SUBENTRY 2 org.eclipse.equinox.launcher.gtk.linux.ppc64 2 0 2019-01-06 23:31:59.924
!MESSAGE Platform filter did not match: (& (osgi.ws=gtk) (osgi.os=linux) (osgi.arch=ppc64))
!SUBENTRY 1 org.eclipse.osgi 2 0 2019-01-06 23:31:59.924
!MESSAGE Bundle org.eclipse.equinox.launcher.gtk.linux.s390_1.1.200.v20120913-144808 [29] was not resolved.
!SUBENTRY 2 org.eclipse.equinox.launcher.gtk.linux.s390 2 0 2019-01-06 23:31:59.924
!MESSAGE Platform filter did not match: (& (osgi.ws=gtk) (osgi.os=linux) (osgi.arch=s390))
!SUBENTRY 1 org.eclipse.osgi 2 0 2019-01-06 23:31:59.925
!MESSAGE Bundle org.eclipse.equinox.launcher.gtk.linux.s390x_1.1.200.v20120913-144808 [30] was not resolved.
!SUBENTRY 2 org.eclipse.equinox.launcher.gtk.linux.s390x 2 0 2019-01-06 23:31:59.925
!MESSAGE Platform filter did not match: (& (osgi.ws=gtk) (osgi.os=linux) (osgi.arch=s390x))
!SUBENTRY 1 org.eclipse.osgi 2 0 2019-01-06 23:31:59.925
!MESSAGE Bundle org.eclipse.equinox.launcher.gtk.linux.x86_1.1.200.v20120913-144807 [31] was not resolved.
!SUBENTRY 2 org.eclipse.equinox.launcher.gtk.linux.x86 2 0 2019-01-06 23:31:59.925
!MESSAGE Platform filter did not match: (& (osgi.ws=gtk) (osgi.os=linux) (osgi.arch=x86))
!SUBENTRY 1 org.eclipse.osgi 2 0 2019-01-06 23:31:59.926
!MESSAGE Bundle org.eclipse.equinox.launcher.gtk.solaris.sparc_1.1.200.v20120913-144808 [33] was not resolved.
!SUBENTRY 2 org.eclipse.equinox.launcher.gtk.solaris.sparc 2 0 2019-01-06 23:31:59.926
!MESSAGE Platform filter did not match: (& (osgi.ws=gtk) (osgi.os=solaris) (osgi.arch=sparc))
!SUBENTRY 1 org.eclipse.osgi 2 0 2019-01-06 23:31:59.926
!MESSAGE Bundle org.eclipse.equinox.launcher.gtk.solaris.x86_1.1.200.v20120913-144808 [34] was not resolved.
!SUBENTRY 2 org.eclipse.equinox.launcher.gtk.solaris.x86 2 0 2019-01-06 23:31:59.926
!MESSAGE Platform filter did not match: (& (osgi.ws=gtk) (osgi.os=solaris) (osgi.arch=x86))
!SUBENTRY 1 org.eclipse.osgi 2 0 2019-01-06 23:31:59.927
!MESSAGE Bundle org.eclipse.equinox.launcher.win32.win32.x86_1.1.200.v20120913-144807 [35] was not resolved.
!SUBENTRY 2 org.eclipse.equinox.launcher.win32.win32.x86 2 0 2019-01-06 23:31:59.927
!MESSAGE Platform filter did not match: (& (osgi.ws=win32) (osgi.os=win32) (osgi.arch=x86))
!SUBENTRY 1 org.eclipse.osgi 2 0 2019-01-06 23:31:59.927
!MESSAGE Bundle org.eclipse.equinox.launcher.win32.win32.x86_64_1.1.200.v20120913-144807 [36] was not resolved.
!SUBENTRY 2 org.eclipse.equinox.launcher.win32.win32.x86_64 2 0 2019-01-06 23:31:59.927
!MESSAGE Platform filter did not match: (& (osgi.ws=win32) (osgi.os=win32) (osgi.arch=x86_64))
!SUBENTRY 1 org.eclipse.osgi 2 0 2019-01-06 23:31:59.927
!MESSAGE Bundle org.eclipse.swt.cocoa.macosx_3.8.1.v3836b [46] was not resolved.
!SUBENTRY 2 org.eclipse.swt.cocoa.macosx 2 0 2019-01-06 23:31:59.928
!MESSAGE Missing required capability Require-Capability: osgi.ee; filter="(|(&(osgi.ee=CDC/Foundation)(version=1.0))(&(osgi.ee=JavaSE)(version=1.3)))".
!SUBENTRY 1 org.eclipse.osgi 2 0 2019-01-06 23:31:59.928
!MESSAGE Bundle org.eclipse.swt.cocoa.macosx.x86_64_3.8.1.v3836b [47] was not resolved.
!SUBENTRY 2 org.eclipse.swt.cocoa.macosx.x86_64 2 0 2019-01-06 23:31:59.928
!MESSAGE Missing required capability Require-Capability: osgi.ee; filter="(|(&(osgi.ee=CDC/Foundation)(version=1.0))(&(osgi.ee=JavaSE)(version=1.3)))".
!SUBENTRY 1 org.eclipse.osgi 2 0 2019-01-06 23:31:59.928
!MESSAGE Bundle org.eclipse.swt.gtk.aix.ppc_3.8.1.v3836b [48] was not resolved.
!SUBENTRY 2 org.eclipse.swt.gtk.aix.ppc 2 0 2019-01-06 23:31:59.929
!MESSAGE Missing required capability Require-Capability: osgi.ee; filter="(|(&(osgi.ee=CDC/Foundation)(version=1.0))(&(osgi.ee=JavaSE)(version=1.3)))".
!SUBENTRY 1 org.eclipse.osgi 2 0 2019-01-06 23:31:59.929
!MESSAGE Bundle org.eclipse.swt.gtk.aix.ppc64_3.8.1.v3836b [49] was not resolved.
!SUBENTRY 2 org.eclipse.swt.gtk.aix.ppc64 2 0 2019-01-06 23:31:59.929
!MESSAGE Missing required capability Require-Capability: osgi.ee; filter="(|(&(osgi.ee=CDC/Foundation)(version=1.0))(&(osgi.ee=JavaSE)(version=1.3)))".
!SUBENTRY 1 org.eclipse.osgi 2 0 2019-01-06 23:31:59.929
!MESSAGE Bundle org.eclipse.swt.gtk.hpux.ia64_32_3.8.1.v3836b [50] was not resolved.
!SUBENTRY 2 org.eclipse.swt.gtk.hpux.ia64_32 2 0 2019-01-06 23:31:59.929
!MESSAGE Missing required capability Require-Capability: osgi.ee; filter="(|(&(osgi.ee=CDC/Foundation)(version=1.0))(&(osgi.ee=JavaSE)(version=1.3)))".
!SUBENTRY 1 org.eclipse.osgi 2 0 2019-01-06 23:31:59.930
!MESSAGE Bundle org.eclipse.swt.gtk.linux.ppc_3.7.0.v3836b [51] was not resolved.
!SUBENTRY 2 org.eclipse.swt.gtk.linux.ppc 2 0 2019-01-06 23:31:59.930
!MESSAGE Missing required capability Require-Capability: osgi.ee; filter="(|(&(osgi.ee=CDC/Foundation)(version=1.0))(&(osgi.ee=JavaSE)(version=1.3)))".
!SUBENTRY 1 org.eclipse.osgi 2 0 2019-01-06 23:31:59.930
!MESSAGE Bundle org.eclipse.swt.gtk.linux.ppc64_3.8.1.v3836b [52] was not resolved.
!SUBENTRY 2 org.eclipse.swt.gtk.linux.ppc64 2 0 2019-01-06 23:31:59.930
!MESSAGE Missing required capability Require-Capability: osgi.ee; filter="(|(&(osgi.ee=CDC/Foundation)(version=1.0))(&(osgi.ee=JavaSE)(version=1.3)))".
!SUBENTRY 1 org.eclipse.osgi 2 0 2019-01-06 23:31:59.935
!MESSAGE Bundle org.eclipse.swt.gtk.linux.s390_3.8.1.v3836b [53] was not resolved.
!SUBENTRY 2 org.eclipse.swt.gtk.linux.s390 2 0 2019-01-06 23:31:59.935
!MESSAGE Missing required capability Require-Capability: osgi.ee; filter="(|(&(osgi.ee=CDC/Foundation)(version=1.0))(&(osgi.ee=JavaSE)(version=1.3)))".
!SUBENTRY 1 org.eclipse.osgi 2 0 2019-01-06 23:31:59.936
!MESSAGE Bundle org.eclipse.swt.gtk.linux.s390x_3.8.1.v3836b [54] was not resolved.
!SUBENTRY 2 org.eclipse.swt.gtk.linux.s390x 2 0 2019-01-06 23:31:59.937
!MESSAGE Missing required capability Require-Capability: osgi.ee; filter="(|(&(osgi.ee=CDC/Foundation)(version=1.0))(&(osgi.ee=JavaSE)(version=1.3)))".
!SUBENTRY 1 org.eclipse.osgi 2 0 2019-01-06 23:31:59.937
!MESSAGE Bundle org.eclipse.swt.gtk.linux.x86_3.8.1.v3836b [55] was not resolved.
!SUBENTRY 2 org.eclipse.swt.gtk.linux.x86 2 0 2019-01-06 23:31:59.937
!MESSAGE Missing required capability Require-Capability: osgi.ee; filter="(|(&(osgi.ee=CDC/Foundation)(version=1.0))(&(osgi.ee=JavaSE)(version=1.3)))".
!SUBENTRY 1 org.eclipse.osgi 2 0 2019-01-06 23:31:59.938
!MESSAGE Bundle org.eclipse.swt.gtk.solaris.sparc_3.8.1.v3836b [57] was not resolved.
!SUBENTRY 2 org.eclipse.swt.gtk.solaris.sparc 2 0 2019-01-06 23:31:59.938
!MESSAGE Missing required capability Require-Capability: osgi.ee; filter="(|(&(osgi.ee=CDC/Foundation)(version=1.0))(&(osgi.ee=JavaSE)(version=1.3)))".
!SUBENTRY 1 org.eclipse.osgi 2 0 2019-01-06 23:31:59.941
!MESSAGE Bundle org.eclipse.swt.gtk.solaris.x86_3.8.1.v3836b [58] was not resolved.
!SUBENTRY 2 org.eclipse.swt.gtk.solaris.x86 2 0 2019-01-06 23:31:59.941
!MESSAGE Missing required capability Require-Capability: osgi.ee; filter="(|(&(osgi.ee=CDC/Foundation)(version=1.0))(&(osgi.ee=JavaSE)(version=1.3)))".
!SUBENTRY 1 org.eclipse.osgi 2 0 2019-01-06 23:31:59.941
!MESSAGE Bundle org.eclipse.swt.win32.win32.x86_3.8.1.v3836b [59] was not resolved.
!SUBENTRY 2 org.eclipse.swt.win32.win32.x86 2 0 2019-01-06 23:31:59.941
!MESSAGE Missing required capability Require-Capability: osgi.ee; filter="(|(&(osgi.ee=CDC/Foundation)(version=1.0))(&(osgi.ee=JavaSE)(version=1.3)))".
!SUBENTRY 1 org.eclipse.osgi 2 0 2019-01-06 23:31:59.942
!MESSAGE Bundle org.eclipse.swt.win32.win32.x86_64_3.8.1.v3836b [60] was not resolved.
!SUBENTRY 2 org.eclipse.swt.win32.win32.x86_64 2 0 2019-01-06 23:31:59.943
!MESSAGE Missing required capability Require-Capability: osgi.ee; filter="(|(&(osgi.ee=CDC/Foundation)(version=1.0))(&(osgi.ee=JavaSE)(version=1.3)))".
!SUBENTRY 1 org.eclipse.osgi 2 0 2019-01-06 23:31:59.943
!MESSAGE Bundle org.eclipse.ui.cocoa_1.1.1.v20120912-134957 [62] was not resolved.
!SUBENTRY 2 org.eclipse.ui.cocoa 2 0 2019-01-06 23:31:59.943
!MESSAGE Platform filter did not match: (osgi.ws=cocoa)
!SUBENTRY 1 org.eclipse.osgi 2 0 2019-01-06 23:31:59.943
!MESSAGE Bundle org.eclipse.ui.workbench.texteditor_3.8.0.v20120523-1310 [64] was not resolved.
!SUBENTRY 2 org.eclipse.ui.workbench.texteditor 2 0 2019-01-06 23:31:59.943
!MESSAGE Missing required bundle org.eclipse.compare.core_[3.5.0,4.0.0).
!SUBENTRY 2 org.eclipse.ui.workbench.texteditor 2 0 2019-01-06 23:31:59.943
!MESSAGE Missing required bundle org.eclipse.jface.text_[3.8.0,4.0.0).
!SUBENTRY 1 org.eclipse.osgi 2 0 2019-01-06 23:31:59.944
!MESSAGE Bundle osgi1_1.0.0.qualifier [66] was not resolved.
!SUBENTRY 2 osgi1 2 0 2019-01-06 23:31:59.944
!MESSAGE Missing required capability Require-Capability: osgi.ee; filter="(&(osgi.ee=JavaSE)(version=1.8))".
